<?xml version="1.0" encoding="UTF-8"?>
<!-- Generated by org.testng.reporters.JUnitXMLReporter -->
<testsuite hostname="dbs-0713" name="SimulacaoUI_API" tests="3" failures="0" timestamp="24 Jan 2019 17:23:33 GMT" time="13.365" errors="0">
  <testcase name="SimulaPoupanca" time="1.386" classname="regressionsuite.TC001_SimulaPoupanca"/>
  <testcase name="SimulaPoupancaValoresMinimos" time="0.829" classname="regressionsuite.TC001_SimulaPoupanca"/>
  <testcase name="ConsultaValorPoupanca" time="0.638" classname="webservicesuite.ConsultaValorSimulacao"/>
</testsuite> <!-- SimulacaoUI_API -->
