<?xml version="1.0" encoding="UTF-8"?>
<!-- Generated by org.testng.reporters.JUnitXMLReporter -->
<testsuite hostname="dbs-0713" name="Test" tests="3" failures="0" timestamp="24 Jan 2019 17:22:15 GMT" time="13.047" errors="0">
  <testcase name="SimulaPoupanca" time="1.388" classname="regressionsuite.TC001_SimulaPoupanca"/>
  <testcase name="SimulaPoupancaValoresMinimos" time="0.431" classname="regressionsuite.TC001_SimulaPoupanca"/>
  <testcase name="ConsultaValorPoupanca" time="0.605" classname="webservicesuite.ConsultaValorSimulacao"/>
</testsuite> <!-- Test -->
