<?xml version="1.0" encoding="UTF-8"?>
<testng-results ignored="0" total="1" passed="1" failed="0" skipped="0">
  <reporter-output>
  </reporter-output>
  <suite started-at="2018-09-16T10:14:52Z" name="Default suite" finished-at="2018-09-16T10:16:19Z" duration-ms="86869">
    <groups>
    </groups>
    <test started-at="2018-09-16T10:14:52Z" name="Default test" finished-at="2018-09-16T10:16:19Z" duration-ms="86869">
      <class name="regressionTests.TC001_LoginTest_AllowedUsers">
        <test-method is-config="true" signature="beforeClass()[pri:0, instance:regressionTests.TC001_LoginTest_AllowedUsers@31fa1761]" started-at="2018-09-16T10:14:52Z" name="beforeClass" finished-at="2018-09-16T10:15:28Z" duration-ms="35486" status="PASS">
          <reporter-output>
          </reporter-output>
        </test-method> <!-- beforeClass -->
        <test-method signature="Login_ValidCredentials(java.lang.String, java.lang.String, java.lang.String)[pri:0, instance:regressionTests.TC001_LoginTest_AllowedUsers@31fa1761]" started-at="2018-09-16T10:15:28Z" name="Login_ValidCredentials" data-provider="AllowedUsers" finished-at="2018-09-16T10:16:04Z" duration-ms="35794" status="PASS">
          <params>
            <param index="0">
              <value>
                <![CDATA[Johny Smith]]>
              </value>
            </param>
            <param index="1">
              <value>
                <![CDATA[user@phptravels.com]]>
              </value>
            </param>
            <param index="2">
              <value>
                <![CDATA[demouser]]>
              </value>
            </param>
          </params>
          <reporter-output>
          </reporter-output>
        </test-method> <!-- Login_ValidCredentials -->
        <test-method is-config="true" signature="afterClass()[pri:0, instance:regressionTests.TC001_LoginTest_AllowedUsers@31fa1761]" started-at="2018-09-16T10:16:04Z" name="afterClass" finished-at="2018-09-16T10:16:19Z" duration-ms="15406" status="PASS">
          <reporter-output>
          </reporter-output>
        </test-method> <!-- afterClass -->
      </class> <!-- regressionTests.TC001_LoginTest_AllowedUsers -->
    </test> <!-- Default test -->
  </suite> <!-- Default suite -->
</testng-results>
